<?xml version="1.0" encoding="UTF-8"?>
<!-- Generated by org.testng.reporters.JUnitReportReporter -->
<testsuite hostname="LAPTOP-NTIC0IO9" failures="0" tests="1" name="restAPIE2E.EndToEndTest" time="2.527" errors="0" timestamp="11 Dec 2022 06:57:01 GMT" skipped="0">
  <testcase classname="restAPIE2E.EndToEndTest" name="test1" time="2.527"/>
</testsuite> <!-- restAPIE2E.EndToEndTest -->
