<?xml version="1.0" encoding="UTF-8"?>
<!-- Generated by org.testng.reporters.JUnitReportReporter -->
<testsuite skipped="0" hostname="LAPTOP-NTIC0IO9" name="restAPIE2E.EndToEndTest" tests="1" failures="0" timestamp="11 Dec 2022 07:06:59 GMT" time="3.360" errors="0">
  <testcase name="test1" time="3.360" classname="restAPIE2E.EndToEndTest"/>
</testsuite> <!-- restAPIE2E.EndToEndTest -->
